  [
  {
    "ami" = "ami-0220d79f3f480ecf5"
    "arn" = "arn:aws:ec2:us-east-1:998105438356:instance/i-09eeb97691e962aa5"
    "associate_public_ip_address" = true
    "availability_zone" = "us-east-1d"
    "capacity_reservation_specification" = tolist([
      {
        "capacity_reservation_preference" = "open"
        "capacity_reservation_target" = tolist([])
      },
    ])
    "cpu_options" = tolist([
      {
        "amd_sev_snp" = ""
        "core_count" = 1
        "nested_virtualization" = ""
        "threads_per_core" = 2
      },
    ])
    "credit_specification" = tolist([
      {
        "cpu_credits" = "unlimited"
      },
    ])
    "disable_api_stop" = false
    "disable_api_termination" = false
    "ebs_block_device" = toset([])
    "ebs_optimized" = false
    "enable_primary_ipv6" = tobool(null)
    "enclave_options" = tolist([
      {
        "enabled" = false
      },
    ])
    "ephemeral_block_device" = toset([])
    "force_destroy" = false
    "get_password_data" = false
    "hibernation" = false
    "host_id" = ""
    "host_resource_group_arn" = tostring(null)
    "iam_instance_profile" = ""
    "id" = "i-09eeb97691e962aa5"
    "instance_initiated_shutdown_behavior" = "stop"
    "instance_lifecycle" = ""
    "instance_market_options" = tolist([])
    "instance_state" = "running"
    "instance_type" = "t3.micro"
    "ipv6_address_count" = 0
    "ipv6_addresses" = tolist([])
    "key_name" = ""
    "launch_template" = tolist([])
    "maintenance_options" = tolist([
      {
        "auto_recovery" = "default"
      },
    ])
    "metadata_options" = tolist([
      {
        "http_endpoint" = "enabled"
        "http_protocol_ipv6" = "disabled"
        "http_put_response_hop_limit" = 1
        "http_tokens" = "optional"
        "instance_metadata_tags" = "disabled"
      },
    ])
    "monitoring" = false
    "network_interface" = toset([])
    "outpost_arn" = ""
    "password_data" = ""
    "placement_group" = ""
    "placement_group_id" = ""
    "placement_partition_number" = 0
    "primary_network_interface" = tolist([
      {
        "delete_on_termination" = true
        "network_interface_id" = "eni-075880d8587195379"
      },
    ])
    "primary_network_interface_id" = "eni-075880d8587195379"
    "private_dns" = "ip-172-31-38-180.ec2.internal"
    "private_dns_name_options" = tolist([
      {
        "enable_resource_name_dns_a_record" = false
        "enable_resource_name_dns_aaaa_record" = false
        "hostname_type" = "ip-name"
      },
    ])
    "private_ip" = "172.31.38.180"
    "public_dns" = "ec2-54-86-155-91.compute-1.amazonaws.com"
    "public_ip" = "54.86.155.91"
    "region" = "us-east-1"
    "root_block_device" = tolist([
      {
        "delete_on_termination" = true
        "device_name" = "/dev/sda1"
        "encrypted" = false
        "iops" = 3000
        "kms_key_id" = ""
        "tags" = tomap({})
        "tags_all" = tomap({})
        "throughput" = 125
        "volume_id" = "vol-0b490229ddf221516"
        "volume_size" = 20
        "volume_type" = "gp3"
      },
    ])
    "secondary_network_interface" = toset([])
    "secondary_private_ips" = toset([])
    "security_groups" = toset([
      "allow-all-roboshop",
    ])
    "source_dest_check" = true
    "spot_instance_request_id" = ""
    "subnet_id" = "subnet-0a411f428d522d3df"
    "tags" = tomap({
      "Name" = "mongodb"
      "Project" = "roboshop"
    })
    "tags_all" = tomap({
      "Name" = "mongodb"
      "Project" = "roboshop"
    })
    "tenancy" = "default"
    "timeouts" = null /* object */
    "user_data" = tostring(null)
    "user_data_base64" = tostring(null)
    "user_data_replace_on_change" = false
    "volume_tags" = tomap(null) /* of string */
    "vpc_security_group_ids" = toset([
      "sg-0bd4806ecb84d366d",
    ])
  },
  {
    "ami" = "ami-0220d79f3f480ecf5"
    "arn" = "arn:aws:ec2:us-east-1:998105438356:instance/i-0fa0f2d775397db77"
    "associate_public_ip_address" = true
    "availability_zone" = "us-east-1d"
    "capacity_reservation_specification" = tolist([
      {
        "capacity_reservation_preference" = "open"
        "capacity_reservation_target" = tolist([])
      },
    ])
    "cpu_options" = tolist([
      {
        "amd_sev_snp" = ""
        "core_count" = 1
        "nested_virtualization" = ""
        "threads_per_core" = 2
      },
    ])
    "credit_specification" = tolist([
      {
        "cpu_credits" = "unlimited"
      },
    ])
    "disable_api_stop" = false
    "disable_api_termination" = false
    "ebs_block_device" = toset([])
    "ebs_optimized" = false
    "enable_primary_ipv6" = tobool(null)
    "enclave_options" = tolist([
      {
        "enabled" = false
      },
    ])
    "ephemeral_block_device" = toset([])
    "force_destroy" = false
    "get_password_data" = false
    "hibernation" = false
    "host_id" = ""
    "host_resource_group_arn" = tostring(null)
    "iam_instance_profile" = ""
    "id" = "i-0fa0f2d775397db77"
    "instance_initiated_shutdown_behavior" = "stop"
    "instance_lifecycle" = ""
    "instance_market_options" = tolist([])
    "instance_state" = "running"
    "instance_type" = "t3.micro"
    "ipv6_address_count" = 0
    "ipv6_addresses" = tolist([])
    "key_name" = ""
    "launch_template" = tolist([])
    "maintenance_options" = tolist([
      {
        "auto_recovery" = "default"
      },
    ])
    "metadata_options" = tolist([
      {
        "http_endpoint" = "enabled"
        "http_protocol_ipv6" = "disabled"
        "http_put_response_hop_limit" = 1
        "http_tokens" = "optional"
        "instance_metadata_tags" = "disabled"
      },
    ])
    "monitoring" = false
    "network_interface" = toset([])
    "outpost_arn" = ""
    "password_data" = ""
    "placement_group" = ""
    "placement_group_id" = ""
    "placement_partition_number" = 0
    "primary_network_interface" = tolist([
      {
        "delete_on_termination" = true
        "network_interface_id" = "eni-02fe1428eb4684a2d"
      },
    ])
    "primary_network_interface_id" = "eni-02fe1428eb4684a2d"
    "private_dns" = "ip-172-31-32-9.ec2.internal"
    "private_dns_name_options" = tolist([
      {
        "enable_resource_name_dns_a_record" = false
        "enable_resource_name_dns_aaaa_record" = false
        "hostname_type" = "ip-name"
      },
    ])
    "private_ip" = "172.31.32.9"
    "public_dns" = "ec2-3-94-93-218.compute-1.amazonaws.com"
    "public_ip" = "3.94.93.218"
    "region" = "us-east-1"
    "root_block_device" = tolist([
      {
        "delete_on_termination" = true
        "device_name" = "/dev/sda1"
        "encrypted" = false
        "iops" = 3000
        "kms_key_id" = ""
        "tags" = tomap({})
        "tags_all" = tomap({})
        "throughput" = 125
        "volume_id" = "vol-0037c814865d3d640"
        "volume_size" = 20
        "volume_type" = "gp3"
      },
    ])
    "secondary_network_interface" = toset([])
    "secondary_private_ips" = toset([])
    "security_groups" = toset([
      "allow-all-roboshop",
    ])
    "source_dest_check" = true
    "spot_instance_request_id" = ""
    "subnet_id" = "subnet-0a411f428d522d3df"
    "tags" = tomap({
      "Name" = "redis"
      "Project" = "roboshop"
    })
    "tags_all" = tomap({
      "Name" = "redis"
      "Project" = "roboshop"
    })
    "tenancy" = "default"
    "timeouts" = null /* object */
    "user_data" = tostring(null)
    "user_data_base64" = tostring(null)
    "user_data_replace_on_change" = false
    "volume_tags" = tomap(null) /* of string */
    "vpc_security_group_ids" = toset([
      "sg-0bd4806ecb84d366d",
    ])
  },
  {
    "ami" = "ami-0220d79f3f480ecf5"
    "arn" = "arn:aws:ec2:us-east-1:998105438356:instance/i-0f93df7e338d6348a"
    "associate_public_ip_address" = true
    "availability_zone" = "us-east-1d"
    "capacity_reservation_specification" = tolist([
      {
        "capacity_reservation_preference" = "open"
        "capacity_reservation_target" = tolist([])
      },
    ])
    "cpu_options" = tolist([
      {
        "amd_sev_snp" = ""
        "core_count" = 1
        "nested_virtualization" = ""
        "threads_per_core" = 2
      },
    ])
    "credit_specification" = tolist([
      {
        "cpu_credits" = "unlimited"
      },
    ])
    "disable_api_stop" = false
    "disable_api_termination" = false
    "ebs_block_device" = toset([])
    "ebs_optimized" = false
    "enable_primary_ipv6" = tobool(null)
    "enclave_options" = tolist([
      {
        "enabled" = false
      },
    ])
    "ephemeral_block_device" = toset([])
    "force_destroy" = false
    "get_password_data" = false
    "hibernation" = false
    "host_id" = ""
    "host_resource_group_arn" = tostring(null)
    "iam_instance_profile" = ""
    "id" = "i-0f93df7e338d6348a"
    "instance_initiated_shutdown_behavior" = "stop"
    "instance_lifecycle" = ""
    "instance_market_options" = tolist([])
    "instance_state" = "running"
    "instance_type" = "t3.micro"
    "ipv6_address_count" = 0
    "ipv6_addresses" = tolist([])
    "key_name" = ""
    "launch_template" = tolist([])
    "maintenance_options" = tolist([
      {
        "auto_recovery" = "default"
      },
    ])
    "metadata_options" = tolist([
      {
        "http_endpoint" = "enabled"
        "http_protocol_ipv6" = "disabled"
        "http_put_response_hop_limit" = 1
        "http_tokens" = "optional"
        "instance_metadata_tags" = "disabled"
      },
    ])
    "monitoring" = false
    "network_interface" = toset([])
    "outpost_arn" = ""
    "password_data" = ""
    "placement_group" = ""
    "placement_group_id" = ""
    "placement_partition_number" = 0
    "primary_network_interface" = tolist([
      {
        "delete_on_termination" = true
        "network_interface_id" = "eni-02663599bb91969b7"
      },
    ])
    "primary_network_interface_id" = "eni-02663599bb91969b7"
    "private_dns" = "ip-172-31-43-110.ec2.internal"
    "private_dns_name_options" = tolist([
      {
        "enable_resource_name_dns_a_record" = false
        "enable_resource_name_dns_aaaa_record" = false
        "hostname_type" = "ip-name"
      },
    ])
    "private_ip" = "172.31.43.110"
    "public_dns" = "ec2-3-81-24-114.compute-1.amazonaws.com"
    "public_ip" = "3.81.24.114"
    "region" = "us-east-1"
    "root_block_device" = tolist([
      {
        "delete_on_termination" = true
        "device_name" = "/dev/sda1"
        "encrypted" = false
        "iops" = 3000
        "kms_key_id" = ""
        "tags" = tomap({})
        "tags_all" = tomap({})
        "throughput" = 125
        "volume_id" = "vol-0da391a5095d5786a"
        "volume_size" = 20
        "volume_type" = "gp3"
      },
    ])
    "secondary_network_interface" = toset([])
    "secondary_private_ips" = toset([])
    "security_groups" = toset([
      "allow-all-roboshop",
    ])
    "source_dest_check" = true
    "spot_instance_request_id" = ""
    "subnet_id" = "subnet-0a411f428d522d3df"
    "tags" = tomap({
      "Name" = "mysql"
      "Project" = "roboshop"
    })
    "tags_all" = tomap({
      "Name" = "mysql"
      "Project" = "roboshop"
    })
    "tenancy" = "default"
    "timeouts" = null /* object */
    "user_data" = tostring(null)
    "user_data_base64" = tostring(null)
    "user_data_replace_on_change" = false
    "volume_tags" = tomap(null) /* of string */
    "vpc_security_group_ids" = toset([
      "sg-0bd4806ecb84d366d",
    ])
  },
  {
    "ami" = "ami-0220d79f3f480ecf5"
    "arn" = "arn:aws:ec2:us-east-1:998105438356:instance/i-01b59cd22ae7010c7"
    "associate_public_ip_address" = true
    "availability_zone" = "us-east-1d"
    "capacity_reservation_specification" = tolist([
      {
        "capacity_reservation_preference" = "open"
        "capacity_reservation_target" = tolist([])
      },
    ])
    "cpu_options" = tolist([
      {
        "amd_sev_snp" = ""
        "core_count" = 1
        "nested_virtualization" = ""
        "threads_per_core" = 2
      },
    ])
    "credit_specification" = tolist([
      {
        "cpu_credits" = "unlimited"
      },
    ])
    "disable_api_stop" = false
    "disable_api_termination" = false
    "ebs_block_device" = toset([])
    "ebs_optimized" = false
    "enable_primary_ipv6" = tobool(null)
    "enclave_options" = tolist([
      {
        "enabled" = false
      },
    ])
    "ephemeral_block_device" = toset([])
    "force_destroy" = false
    "get_password_data" = false
    "hibernation" = false
    "host_id" = ""
    "host_resource_group_arn" = tostring(null)
    "iam_instance_profile" = ""
    "id" = "i-01b59cd22ae7010c7"
    "instance_initiated_shutdown_behavior" = "stop"
    "instance_lifecycle" = ""
    "instance_market_options" = tolist([])
    "instance_state" = "running"
    "instance_type" = "t3.micro"
    "ipv6_address_count" = 0
    "ipv6_addresses" = tolist([])
    "key_name" = ""
    "launch_template" = tolist([])
    "maintenance_options" = tolist([
      {
        "auto_recovery" = "default"
      },
    ])
    "metadata_options" = tolist([
      {
        "http_endpoint" = "enabled"
        "http_protocol_ipv6" = "disabled"
        "http_put_response_hop_limit" = 1
        "http_tokens" = "optional"
        "instance_metadata_tags" = "disabled"
      },
    ])
    "monitoring" = false
    "network_interface" = toset([])
    "outpost_arn" = ""
    "password_data" = ""
    "placement_group" = ""
    "placement_group_id" = ""
    "placement_partition_number" = 0
    "primary_network_interface" = tolist([
      {
        "delete_on_termination" = true
        "network_interface_id" = "eni-04b8d8b9a5f9b38b5"
      },
    ])
    "primary_network_interface_id" = "eni-04b8d8b9a5f9b38b5"
    "private_dns" = "ip-172-31-38-65.ec2.internal"
    "private_dns_name_options" = tolist([
      {
        "enable_resource_name_dns_a_record" = false
        "enable_resource_name_dns_aaaa_record" = false
        "hostname_type" = "ip-name"
      },
    ])
    "private_ip" = "172.31.38.65"
    "public_dns" = "ec2-98-93-118-0.compute-1.amazonaws.com"
    "public_ip" = "98.93.118.0"
    "region" = "us-east-1"
    "root_block_device" = tolist([
      {
        "delete_on_termination" = true
        "device_name" = "/dev/sda1"
        "encrypted" = false
        "iops" = 3000
        "kms_key_id" = ""
        "tags" = tomap({})
        "tags_all" = tomap({})
        "throughput" = 125
        "volume_id" = "vol-08b50ab7af55f0af7"
        "volume_size" = 20
        "volume_type" = "gp3"
      },
    ])
    "secondary_network_interface" = toset([])
    "secondary_private_ips" = toset([])
    "security_groups" = toset([
      "allow-all-roboshop",
    ])
    "source_dest_check" = true
    "spot_instance_request_id" = ""
    "subnet_id" = "subnet-0a411f428d522d3df"
    "tags" = tomap({
      "Name" = "rabbitmq"
      "Project" = "roboshop"
    })
    "tags_all" = tomap({
      "Name" = "rabbitmq"
      "Project" = "roboshop"
    })
    "tenancy" = "default"
    "timeouts" = null /* object */
    "user_data" = tostring(null)
    "user_data_base64" = tostring(null)
    "user_data_replace_on_change" = false
    "volume_tags" = tomap(null) /* of string */
    "vpc_security_group_ids" = toset([
      "sg-0bd4806ecb84d366d",
    ])
  },
  {
    "ami" = "ami-0220d79f3f480ecf5"
    "arn" = "arn:aws:ec2:us-east-1:998105438356:instance/i-0dbdf21c2efe279e7"
    "associate_public_ip_address" = true
    "availability_zone" = "us-east-1d"
    "capacity_reservation_specification" = tolist([
      {
        "capacity_reservation_preference" = "open"
        "capacity_reservation_target" = tolist([])
      },
    ])
    "cpu_options" = tolist([
      {
        "amd_sev_snp" = ""
        "core_count" = 1
        "nested_virtualization" = ""
        "threads_per_core" = 2
      },
    ])
    "credit_specification" = tolist([
      {
        "cpu_credits" = "unlimited"
      },
    ])
    "disable_api_stop" = false
    "disable_api_termination" = false
    "ebs_block_device" = toset([])
    "ebs_optimized" = false
    "enable_primary_ipv6" = tobool(null)
    "enclave_options" = tolist([
      {
        "enabled" = false
      },
    ])
    "ephemeral_block_device" = toset([])
    "force_destroy" = false
    "get_password_data" = false
    "hibernation" = false
    "host_id" = ""
    "host_resource_group_arn" = tostring(null)
    "iam_instance_profile" = ""
    "id" = "i-0dbdf21c2efe279e7"
    "instance_initiated_shutdown_behavior" = "stop"
    "instance_lifecycle" = ""
    "instance_market_options" = tolist([])
    "instance_state" = "running"
    "instance_type" = "t3.micro"
    "ipv6_address_count" = 0
    "ipv6_addresses" = tolist([])
    "key_name" = ""
    "launch_template" = tolist([])
    "maintenance_options" = tolist([
      {
        "auto_recovery" = "default"
      },
    ])
    "metadata_options" = tolist([
      {
        "http_endpoint" = "enabled"
        "http_protocol_ipv6" = "disabled"
        "http_put_response_hop_limit" = 1
        "http_tokens" = "optional"
        "instance_metadata_tags" = "disabled"
      },
    ])
    "monitoring" = false
    "network_interface" = toset([])
    "outpost_arn" = ""
    "password_data" = ""
    "placement_group" = ""
    "placement_group_id" = ""
    "placement_partition_number" = 0
    "primary_network_interface" = tolist([
      {
        "delete_on_termination" = true
        "network_interface_id" = "eni-04169d0e1c3dfc046"
      },
    ])
    "primary_network_interface_id" = "eni-04169d0e1c3dfc046"
    "private_dns" = "ip-172-31-34-120.ec2.internal"
    "private_dns_name_options" = tolist([
      {
        "enable_resource_name_dns_a_record" = false
        "enable_resource_name_dns_aaaa_record" = false
        "hostname_type" = "ip-name"
      },
    ])
    "private_ip" = "172.31.34.120"
    "public_dns" = "ec2-3-80-235-241.compute-1.amazonaws.com"
    "public_ip" = "3.80.235.241"
    "region" = "us-east-1"
    "root_block_device" = tolist([
      {
        "delete_on_termination" = true
        "device_name" = "/dev/sda1"
        "encrypted" = false
        "iops" = 3000
        "kms_key_id" = ""
        "tags" = tomap({})
        "tags_all" = tomap({})
        "throughput" = 125
        "volume_id" = "vol-00e08a3247182962c"
        "volume_size" = 20
        "volume_type" = "gp3"
      },
    ])
    "secondary_network_interface" = toset([])
    "secondary_private_ips" = toset([])
    "security_groups" = toset([
      "allow-all-roboshop",
    ])
    "source_dest_check" = true
    "spot_instance_request_id" = ""
    "subnet_id" = "subnet-0a411f428d522d3df"
    "tags" = tomap({
      "Name" = "catalogue"
      "Project" = "roboshop"
    })
    "tags_all" = tomap({
      "Name" = "catalogue"
      "Project" = "roboshop"
    })
    "tenancy" = "default"
    "timeouts" = null /* object */
    "user_data" = tostring(null)
    "user_data_base64" = tostring(null)
    "user_data_replace_on_change" = false
    "volume_tags" = tomap(null) /* of string */
    "vpc_security_group_ids" = toset([
      "sg-0bd4806ecb84d366d",
    ])
  },
  {
    "ami" = "ami-0220d79f3f480ecf5"
    "arn" = "arn:aws:ec2:us-east-1:998105438356:instance/i-0486e8404a89a01a4"
    "associate_public_ip_address" = true
    "availability_zone" = "us-east-1d"
    "capacity_reservation_specification" = tolist([
      {
        "capacity_reservation_preference" = "open"
        "capacity_reservation_target" = tolist([])
      },
    ])
    "cpu_options" = tolist([
      {
        "amd_sev_snp" = ""
        "core_count" = 1
        "nested_virtualization" = ""
        "threads_per_core" = 2
      },
    ])
    "credit_specification" = tolist([
      {
        "cpu_credits" = "unlimited"
      },
    ])
    "disable_api_stop" = false
    "disable_api_termination" = false
    "ebs_block_device" = toset([])
    "ebs_optimized" = false
    "enable_primary_ipv6" = tobool(null)
    "enclave_options" = tolist([
      {
        "enabled" = false
      },
    ])
    "ephemeral_block_device" = toset([])
    "force_destroy" = false
    "get_password_data" = false
    "hibernation" = false
    "host_id" = ""
    "host_resource_group_arn" = tostring(null)
    "iam_instance_profile" = ""
    "id" = "i-0486e8404a89a01a4"
    "instance_initiated_shutdown_behavior" = "stop"
    "instance_lifecycle" = ""
    "instance_market_options" = tolist([])
    "instance_state" = "running"
    "instance_type" = "t3.micro"
    "ipv6_address_count" = 0
    "ipv6_addresses" = tolist([])
    "key_name" = ""
    "launch_template" = tolist([])
    "maintenance_options" = tolist([
      {
        "auto_recovery" = "default"
      },
    ])
    "metadata_options" = tolist([
      {
        "http_endpoint" = "enabled"
        "http_protocol_ipv6" = "disabled"
        "http_put_response_hop_limit" = 1
        "http_tokens" = "optional"
        "instance_metadata_tags" = "disabled"
      },
    ])
    "monitoring" = false
    "network_interface" = toset([])
    "outpost_arn" = ""
    "password_data" = ""
    "placement_group" = ""
    "placement_group_id" = ""
    "placement_partition_number" = 0
    "primary_network_interface" = tolist([
      {
        "delete_on_termination" = true
        "network_interface_id" = "eni-0a5c6ef458418ef1a"
      },
    ])
    "primary_network_interface_id" = "eni-0a5c6ef458418ef1a"
    "private_dns" = "ip-172-31-45-4.ec2.internal"
    "private_dns_name_options" = tolist([
      {
        "enable_resource_name_dns_a_record" = false
        "enable_resource_name_dns_aaaa_record" = false
        "hostname_type" = "ip-name"
      },
    ])
    "private_ip" = "172.31.45.4"
    "public_dns" = "ec2-100-30-227-163.compute-1.amazonaws.com"
    "public_ip" = "100.30.227.163"
    "region" = "us-east-1"
    "root_block_device" = tolist([
      {
        "delete_on_termination" = true
        "device_name" = "/dev/sda1"
        "encrypted" = false
        "iops" = 3000
        "kms_key_id" = ""
        "tags" = tomap({})
        "tags_all" = tomap({})
        "throughput" = 125
        "volume_id" = "vol-0226549a9c817f2dd"
        "volume_size" = 20
        "volume_type" = "gp3"
      },
    ])
    "secondary_network_interface" = toset([])
    "secondary_private_ips" = toset([])
    "security_groups" = toset([
      "allow-all-roboshop",
    ])
    "source_dest_check" = true
    "spot_instance_request_id" = ""
    "subnet_id" = "subnet-0a411f428d522d3df"
    "tags" = tomap({
      "Name" = "user"
      "Project" = "roboshop"
    })
    "tags_all" = tomap({
      "Name" = "user"
      "Project" = "roboshop"
    })
    "tenancy" = "default"
    "timeouts" = null /* object */
    "user_data" = tostring(null)
    "user_data_base64" = tostring(null)
    "user_data_replace_on_change" = false
    "volume_tags" = tomap(null) /* of string */
    "vpc_security_group_ids" = toset([
      "sg-0bd4806ecb84d366d",
    ])
  },
  {
    "ami" = "ami-0220d79f3f480ecf5"
    "arn" = "arn:aws:ec2:us-east-1:998105438356:instance/i-0c6b9a8f330aee7bc"
    "associate_public_ip_address" = true
    "availability_zone" = "us-east-1d"
    "capacity_reservation_specification" = tolist([
      {
        "capacity_reservation_preference" = "open"
        "capacity_reservation_target" = tolist([])
      },
    ])
    "cpu_options" = tolist([
      {
        "amd_sev_snp" = ""
        "core_count" = 1
        "nested_virtualization" = ""
        "threads_per_core" = 2
      },
    ])
    "credit_specification" = tolist([
      {
        "cpu_credits" = "unlimited"
      },
    ])
    "disable_api_stop" = false
    "disable_api_termination" = false
    "ebs_block_device" = toset([])
    "ebs_optimized" = false
    "enable_primary_ipv6" = tobool(null)
    "enclave_options" = tolist([
      {
        "enabled" = false
      },
    ])
    "ephemeral_block_device" = toset([])
    "force_destroy" = false
    "get_password_data" = false
    "hibernation" = false
    "host_id" = ""
    "host_resource_group_arn" = tostring(null)
    "iam_instance_profile" = ""
    "id" = "i-0c6b9a8f330aee7bc"
    "instance_initiated_shutdown_behavior" = "stop"
    "instance_lifecycle" = ""
    "instance_market_options" = tolist([])
    "instance_state" = "running"
    "instance_type" = "t3.micro"
    "ipv6_address_count" = 0
    "ipv6_addresses" = tolist([])
    "key_name" = ""
    "launch_template" = tolist([])
    "maintenance_options" = tolist([
      {
        "auto_recovery" = "default"
      },
    ])
    "metadata_options" = tolist([
      {
        "http_endpoint" = "enabled"
        "http_protocol_ipv6" = "disabled"
        "http_put_response_hop_limit" = 1
        "http_tokens" = "optional"
        "instance_metadata_tags" = "disabled"
      },
    ])
    "monitoring" = false
    "network_interface" = toset([])
    "outpost_arn" = ""
    "password_data" = ""
    "placement_group" = ""
    "placement_group_id" = ""
    "placement_partition_number" = 0
    "primary_network_interface" = tolist([
      {
        "delete_on_termination" = true
        "network_interface_id" = "eni-0b996b7bded883e03"
      },
    ])
    "primary_network_interface_id" = "eni-0b996b7bded883e03"
    "private_dns" = "ip-172-31-43-86.ec2.internal"
    "private_dns_name_options" = tolist([
      {
        "enable_resource_name_dns_a_record" = false
        "enable_resource_name_dns_aaaa_record" = false
        "hostname_type" = "ip-name"
      },
    ])
    "private_ip" = "172.31.43.86"
    "public_dns" = "ec2-3-84-147-68.compute-1.amazonaws.com"
    "public_ip" = "3.84.147.68"
    "region" = "us-east-1"
    "root_block_device" = tolist([
      {
        "delete_on_termination" = true
        "device_name" = "/dev/sda1"
        "encrypted" = false
        "iops" = 3000
        "kms_key_id" = ""
        "tags" = tomap({})
        "tags_all" = tomap({})
        "throughput" = 125
        "volume_id" = "vol-0df4df4c53f9fc7a1"
        "volume_size" = 20
        "volume_type" = "gp3"
      },
    ])
    "secondary_network_interface" = toset([])
    "secondary_private_ips" = toset([])
    "security_groups" = toset([
      "allow-all-roboshop",
    ])
    "source_dest_check" = true
    "spot_instance_request_id" = ""
    "subnet_id" = "subnet-0a411f428d522d3df"
    "tags" = tomap({
      "Name" = "cart"
      "Project" = "roboshop"
    })
    "tags_all" = tomap({
      "Name" = "cart"
      "Project" = "roboshop"
    })
    "tenancy" = "default"
    "timeouts" = null /* object */
    "user_data" = tostring(null)
    "user_data_base64" = tostring(null)
    "user_data_replace_on_change" = false
    "volume_tags" = tomap(null) /* of string */
    "vpc_security_group_ids" = toset([
      "sg-0bd4806ecb84d366d",
    ])
  },
  {
    "ami" = "ami-0220d79f3f480ecf5"
    "arn" = "arn:aws:ec2:us-east-1:998105438356:instance/i-0478ceebfa8332aa0"
    "associate_public_ip_address" = true
    "availability_zone" = "us-east-1d"
    "capacity_reservation_specification" = tolist([
      {
        "capacity_reservation_preference" = "open"
        "capacity_reservation_target" = tolist([])
      },
    ])
    "cpu_options" = tolist([
      {
        "amd_sev_snp" = ""
        "core_count" = 1
        "nested_virtualization" = ""
        "threads_per_core" = 2
      },
    ])
    "credit_specification" = tolist([
      {
        "cpu_credits" = "unlimited"
      },
    ])
    "disable_api_stop" = false
    "disable_api_termination" = false
    "ebs_block_device" = toset([])
    "ebs_optimized" = false
    "enable_primary_ipv6" = tobool(null)
    "enclave_options" = tolist([
      {
        "enabled" = false
      },
    ])
    "ephemeral_block_device" = toset([])
    "force_destroy" = false
    "get_password_data" = false
    "hibernation" = false
    "host_id" = ""
    "host_resource_group_arn" = tostring(null)
    "iam_instance_profile" = ""
    "id" = "i-0478ceebfa8332aa0"
    "instance_initiated_shutdown_behavior" = "stop"
    "instance_lifecycle" = ""
    "instance_market_options" = tolist([])
    "instance_state" = "running"
    "instance_type" = "t3.micro"
    "ipv6_address_count" = 0
    "ipv6_addresses" = tolist([])
    "key_name" = ""
    "launch_template" = tolist([])
    "maintenance_options" = tolist([
      {
        "auto_recovery" = "default"
      },
    ])
    "metadata_options" = tolist([
      {
        "http_endpoint" = "enabled"
        "http_protocol_ipv6" = "disabled"
        "http_put_response_hop_limit" = 1
        "http_tokens" = "optional"
        "instance_metadata_tags" = "disabled"
      },
    ])
    "monitoring" = false
    "network_interface" = toset([])
    "outpost_arn" = ""
    "password_data" = ""
    "placement_group" = ""
    "placement_group_id" = ""
    "placement_partition_number" = 0
    "primary_network_interface" = tolist([
      {
        "delete_on_termination" = true
        "network_interface_id" = "eni-04a143ee670d67b87"
      },
    ])
    "primary_network_interface_id" = "eni-04a143ee670d67b87"
    "private_dns" = "ip-172-31-35-147.ec2.internal"
    "private_dns_name_options" = tolist([
      {
        "enable_resource_name_dns_a_record" = false
        "enable_resource_name_dns_aaaa_record" = false
        "hostname_type" = "ip-name"
      },
    ])
    "private_ip" = "172.31.35.147"
    "public_dns" = "ec2-54-225-11-236.compute-1.amazonaws.com"
    "public_ip" = "54.225.11.236"
    "region" = "us-east-1"
    "root_block_device" = tolist([
      {
        "delete_on_termination" = true
        "device_name" = "/dev/sda1"
        "encrypted" = false
        "iops" = 3000
        "kms_key_id" = ""
        "tags" = tomap({})
        "tags_all" = tomap({})
        "throughput" = 125
        "volume_id" = "vol-01b34e40bf56e62b6"
        "volume_size" = 20
        "volume_type" = "gp3"
      },
    ])
    "secondary_network_interface" = toset([])
    "secondary_private_ips" = toset([])
    "security_groups" = toset([
      "allow-all-roboshop",
    ])
    "source_dest_check" = true
    "spot_instance_request_id" = ""
    "subnet_id" = "subnet-0a411f428d522d3df"
    "tags" = tomap({
      "Name" = "shipping"
      "Project" = "roboshop"
    })
    "tags_all" = tomap({
      "Name" = "shipping"
      "Project" = "roboshop"
    })
    "tenancy" = "default"
    "timeouts" = null /* object */
    "user_data" = tostring(null)
    "user_data_base64" = tostring(null)
    "user_data_replace_on_change" = false
    "volume_tags" = tomap(null) /* of string */
    "vpc_security_group_ids" = toset([
      "sg-0bd4806ecb84d366d",
    ])
  },
  {
    "ami" = "ami-0220d79f3f480ecf5"
    "arn" = "arn:aws:ec2:us-east-1:998105438356:instance/i-08dfe9f7b9d00e1fc"
    "associate_public_ip_address" = true
    "availability_zone" = "us-east-1d"
    "capacity_reservation_specification" = tolist([
      {
        "capacity_reservation_preference" = "open"
        "capacity_reservation_target" = tolist([])
      },
    ])
    "cpu_options" = tolist([
      {
        "amd_sev_snp" = ""
        "core_count" = 1
        "nested_virtualization" = ""
        "threads_per_core" = 2
      },
    ])
    "credit_specification" = tolist([
      {
        "cpu_credits" = "unlimited"
      },
    ])
    "disable_api_stop" = false
    "disable_api_termination" = false
    "ebs_block_device" = toset([])
    "ebs_optimized" = false
    "enable_primary_ipv6" = tobool(null)
    "enclave_options" = tolist([
      {
        "enabled" = false
      },
    ])
    "ephemeral_block_device" = toset([])
    "force_destroy" = false
    "get_password_data" = false
    "hibernation" = false
    "host_id" = ""
    "host_resource_group_arn" = tostring(null)
    "iam_instance_profile" = ""
    "id" = "i-08dfe9f7b9d00e1fc"
    "instance_initiated_shutdown_behavior" = "stop"
    "instance_lifecycle" = ""
    "instance_market_options" = tolist([])
    "instance_state" = "running"
    "instance_type" = "t3.micro"
    "ipv6_address_count" = 0
    "ipv6_addresses" = tolist([])
    "key_name" = ""
    "launch_template" = tolist([])
    "maintenance_options" = tolist([
      {
        "auto_recovery" = "default"
      },
    ])
    "metadata_options" = tolist([
      {
        "http_endpoint" = "enabled"
        "http_protocol_ipv6" = "disabled"
        "http_put_response_hop_limit" = 1
        "http_tokens" = "optional"
        "instance_metadata_tags" = "disabled"
      },
    ])
    "monitoring" = false
    "network_interface" = toset([])
    "outpost_arn" = ""
    "password_data" = ""
    "placement_group" = ""
    "placement_group_id" = ""
    "placement_partition_number" = 0
    "primary_network_interface" = tolist([
      {
        "delete_on_termination" = true
        "network_interface_id" = "eni-0b8eebb3aaca7bfa1"
      },
    ])
    "primary_network_interface_id" = "eni-0b8eebb3aaca7bfa1"
    "private_dns" = "ip-172-31-36-66.ec2.internal"
    "private_dns_name_options" = tolist([
      {
        "enable_resource_name_dns_a_record" = false
        "enable_resource_name_dns_aaaa_record" = false
        "hostname_type" = "ip-name"
      },
    ])
    "private_ip" = "172.31.36.66"
    "public_dns" = "ec2-3-89-197-71.compute-1.amazonaws.com"
    "public_ip" = "3.89.197.71"
    "region" = "us-east-1"
    "root_block_device" = tolist([
      {
        "delete_on_termination" = true
        "device_name" = "/dev/sda1"
        "encrypted" = false
        "iops" = 3000
        "kms_key_id" = ""
        "tags" = tomap({})
        "tags_all" = tomap({})
        "throughput" = 125
        "volume_id" = "vol-0eb56cbb8d9a65e6a"
        "volume_size" = 20
        "volume_type" = "gp3"
      },
    ])
    "secondary_network_interface" = toset([])
    "secondary_private_ips" = toset([])
    "security_groups" = toset([
      "allow-all-roboshop",
    ])
    "source_dest_check" = true
    "spot_instance_request_id" = ""
    "subnet_id" = "subnet-0a411f428d522d3df"
    "tags" = tomap({
      "Name" = "payment"
      "Project" = "roboshop"
    })
    "tags_all" = tomap({
      "Name" = "payment"
      "Project" = "roboshop"
    })
    "tenancy" = "default"
    "timeouts" = null /* object */
    "user_data" = tostring(null)
    "user_data_base64" = tostring(null)
    "user_data_replace_on_change" = false
    "volume_tags" = tomap(null) /* of string */
    "vpc_security_group_ids" = toset([
      "sg-0bd4806ecb84d366d",
    ])
  },
  {
    "ami" = "ami-0220d79f3f480ecf5"
    "arn" = "arn:aws:ec2:us-east-1:998105438356:instance/i-0debae32b415bd415"
    "associate_public_ip_address" = true
    "availability_zone" = "us-east-1d"
    "capacity_reservation_specification" = tolist([
      {
        "capacity_reservation_preference" = "open"
        "capacity_reservation_target" = tolist([])
      },
    ])
    "cpu_options" = tolist([
      {
        "amd_sev_snp" = ""
        "core_count" = 1
        "nested_virtualization" = ""
        "threads_per_core" = 2
      },
    ])
    "credit_specification" = tolist([
      {
        "cpu_credits" = "unlimited"
      },
    ])
    "disable_api_stop" = false
    "disable_api_termination" = false
    "ebs_block_device" = toset([])
    "ebs_optimized" = false
    "enable_primary_ipv6" = tobool(null)
    "enclave_options" = tolist([
      {
        "enabled" = false
      },
    ])
    "ephemeral_block_device" = toset([])
    "force_destroy" = false
    "get_password_data" = false
    "hibernation" = false
    "host_id" = ""
    "host_resource_group_arn" = tostring(null)
    "iam_instance_profile" = ""
    "id" = "i-0debae32b415bd415"
    "instance_initiated_shutdown_behavior" = "stop"
    "instance_lifecycle" = ""
    "instance_market_options" = tolist([])
    "instance_state" = "running"
    "instance_type" = "t3.micro"
    "ipv6_address_count" = 0
    "ipv6_addresses" = tolist([])
    "key_name" = ""
    "launch_template" = tolist([])
    "maintenance_options" = tolist([
      {
        "auto_recovery" = "default"
      },
    ])
    "metadata_options" = tolist([
      {
        "http_endpoint" = "enabled"
        "http_protocol_ipv6" = "disabled"
        "http_put_response_hop_limit" = 1
        "http_tokens" = "optional"
        "instance_metadata_tags" = "disabled"
      },
    ])
    "monitoring" = false
    "network_interface" = toset([])
    "outpost_arn" = ""
    "password_data" = ""
    "placement_group" = ""
    "placement_group_id" = ""
    "placement_partition_number" = 0
    "primary_network_interface" = tolist([
      {
        "delete_on_termination" = true
        "network_interface_id" = "eni-064d5c6e6cdee63d6"
      },
    ])
    "primary_network_interface_id" = "eni-064d5c6e6cdee63d6"
    "private_dns" = "ip-172-31-46-196.ec2.internal"
    "private_dns_name_options" = tolist([
      {
        "enable_resource_name_dns_a_record" = false
        "enable_resource_name_dns_aaaa_record" = false
        "hostname_type" = "ip-name"
      },
    ])
    "private_ip" = "172.31.46.196"
    "public_dns" = "ec2-13-217-41-242.compute-1.amazonaws.com"
    "public_ip" = "13.217.41.242"
    "region" = "us-east-1"
    "root_block_device" = tolist([
      {
        "delete_on_termination" = true
        "device_name" = "/dev/sda1"
        "encrypted" = false
        "iops" = 3000
        "kms_key_id" = ""
        "tags" = tomap({})
        "tags_all" = tomap({})
        "throughput" = 125
        "volume_id" = "vol-0f1f58f690921ee2c"
        "volume_size" = 20
        "volume_type" = "gp3"
      },
    ])
    "secondary_network_interface" = toset([])
    "secondary_private_ips" = toset([])
    "security_groups" = toset([
      "allow-all-roboshop",
    ])
    "source_dest_check" = true
    "spot_instance_request_id" = ""
    "subnet_id" = "subnet-0a411f428d522d3df"
    "tags" = tomap({
      "Name" = "frontend"
      "Project" = "roboshop"
    })
    "tags_all" = tomap({
      "Name" = "frontend"
      "Project" = "roboshop"
    })
    "tenancy" = "default"
    "timeouts" = null /* object */
    "user_data" = tostring(null)
    "user_data_base64" = tostring(null)
    "user_data_replace_on_change" = false
    "volume_tags" = tomap(null) /* of string */
    "vpc_security_group_ids" = toset([
      "sg-0bd4806ecb84d366d",
    ])
  },
]
